0 info it worked if it ends with ok
1 verbose cli [ '/usr/local/bin/node', '/usr/local/bin/npm', 'publish' ]
2 info using npm@3.10.3
3 info using node@v6.3.0
4 verbose publish [ '.' ]
5 silly cache add args [ '.', null ]
6 verbose cache add spec .
7 silly cache add parsed spec Result {
7 silly cache add   raw: '.',
7 silly cache add   scope: null,
7 silly cache add   escapedName: null,
7 silly cache add   name: null,
7 silly cache add   rawSpec: '.',
7 silly cache add   spec: '/Users/tonychao/Documents/Development/projects/ES6/fruitEC/fruitMart',
7 silly cache add   type: 'directory' }
8 verbose addLocalDirectory /Users/tonychao/.npm/fruitmart/0.0.1/package.tgz not in flight; packing
9 verbose correctMkdir /Users/tonychao/.npm correctMkdir not in flight; initializing
10 info lifecycle fruitmart@0.0.1~prepublish: fruitmart@0.0.1
11 silly lifecycle fruitmart@0.0.1~prepublish: no script for prepublish, continuing
12 verbose tar pack [ '/Users/tonychao/.npm/fruitmart/0.0.1/package.tgz',
12 verbose tar pack   '/Users/tonychao/Documents/Development/projects/ES6/fruitEC/fruitMart' ]
13 verbose tarball /Users/tonychao/.npm/fruitmart/0.0.1/package.tgz
14 verbose folder /Users/tonychao/Documents/Development/projects/ES6/fruitEC/fruitMart
15 verbose addLocalTarball adding from inside cache /Users/tonychao/.npm/fruitmart/0.0.1/package.tgz
16 verbose correctMkdir /Users/tonychao/.npm correctMkdir not in flight; initializing
17 silly cache afterAdd fruitmart@0.0.1
18 verbose afterAdd /Users/tonychao/.npm/fruitmart/0.0.1/package/package.json not in flight; writing
19 verbose correctMkdir /Users/tonychao/.npm correctMkdir not in flight; initializing
20 verbose afterAdd /Users/tonychao/.npm/fruitmart/0.0.1/package/package.json written
21 silly publish { name: 'fruitmart',
21 silly publish   version: '0.0.1',
21 silly publish   private: true,
21 silly publish   scripts: { start: 'node ./bin/www' },
21 silly publish   dependencies:
21 silly publish    { 'body-parser': '~1.13.2',
21 silly publish      'cookie-parser': '~1.3.5',
21 silly publish      debug: '~2.2.0',
21 silly publish      ejs: '~2.3.3',
21 silly publish      express: '~4.13.1',
21 silly publish      morgan: '~1.6.1',
21 silly publish      'serve-favicon': '~2.3.0' },
21 silly publish   readme: 'ERROR: No README data found!',
21 silly publish   _id: 'fruitmart@0.0.1',
21 silly publish   _shasum: '1c5621920ce4c542700d08554d71ca27e06fdb1d',
21 silly publish   _from: '.' }
22 verbose getPublishConfig undefined
23 verbose stack Error: This package has been marked as private
23 verbose stack Remove the 'private' field from the package.json to publish it.
23 verbose stack     at publish_ (/usr/local/lib/node_modules/npm/lib/publish.js:101:15)
23 verbose stack     at Array.<anonymous> (/usr/local/lib/node_modules/npm/node_modules/slide/lib/bind-actor.js:15:8)
23 verbose stack     at LOOP (/usr/local/lib/node_modules/npm/node_modules/slide/lib/chain.js:15:14)
23 verbose stack     at LOOP (/usr/local/lib/node_modules/npm/node_modules/slide/lib/chain.js:14:28)
23 verbose stack     at chain (/usr/local/lib/node_modules/npm/node_modules/slide/lib/chain.js:20:5)
23 verbose stack     at /usr/local/lib/node_modules/npm/lib/publish.js:73:5
23 verbose stack     at RES (/usr/local/lib/node_modules/npm/node_modules/inflight/inflight.js:23:14)
23 verbose stack     at f (/usr/local/lib/node_modules/npm/node_modules/once/once.js:17:25)
23 verbose stack     at /usr/local/lib/node_modules/npm/lib/cache.js:363:16
23 verbose stack     at /usr/local/lib/node_modules/npm/node_modules/write-file-atomic/index.js:29:9
24 verbose cwd /Users/tonychao/Documents/Development/projects/ES6/fruitEC/fruitMart
25 error Darwin 15.6.0
26 error argv "/usr/local/bin/node" "/usr/local/bin/npm" "publish"
27 error node v6.3.0
28 error npm  v3.10.3
29 error This package has been marked as private
29 error Remove the 'private' field from the package.json to publish it.
30 error If you need help, you may report this error at:
30 error     <https://github.com/npm/npm/issues>
31 verbose exit [ 1, true ]
